09:35:04 INFO  : Registering command handlers for SDK TCF services
09:35:08 INFO  : Launching XSCT server: xsct.bat -interactive C:\Users\advlab\Desktop\MBAA\HGCal_NIM+\HGCal_NIM+.sdk\temp_xsdb_launch_script.tcl
09:35:18 INFO  : XSCT server has started successfully.
09:35:18 INFO  : Successfully done setting XSCT server connection channel  
09:35:49 INFO  : Successfully done setting SDK workspace  
09:35:49 INFO  : Processing command line option -hwspec C:/Users/advlab/Desktop/MBAA/HGCal_NIM+/HGCal_NIM+.sdk/design_1_wrapper.hdf.
15:52:20 INFO  : SDK has detected change in the last modified timestamps for source hardware specification file Source:1610652178876,  Project:1608558039263
15:52:20 INFO  : Project design_1_wrapper_hw_platform_0's source hardware specification located at C:/Users/advlab/Desktop/MBAA/HGCal_NIM+/HGCal_NIM+.sdk/design_1_wrapper.hdf is now different from the local copy.
		 The local copy will be replaced with the source specification and your workspace will be updated.
15:52:23 INFO  : Copied contents of C:/Users/advlab/Desktop/MBAA/HGCal_NIM+/HGCal_NIM+.sdk/design_1_wrapper.hdf into \design_1_wrapper_hw_platform_0\system.hdf.
15:52:33 INFO  : Synchronizing projects in the workspace with the hardware platform specification changes.
15:52:34 INFO  : Clearing existing target manager status.
15:52:34 INFO  : Workspace synchronized with the new hardware specification file. Cleaning dependent projects...
15:52:34 WARN  : Linker script will not be updated automatically. Users need to update it manually.
15:00:02 INFO  : Registering command handlers for SDK TCF services
15:00:04 INFO  : Launching XSCT server: xsct.bat -interactive C:\Users\advlab\Desktop\MBAA\HGCal_NIM+\HGCal_NIM+.sdk\temp_xsdb_launch_script.tcl
15:00:12 INFO  : XSCT server has started successfully.
15:00:12 INFO  : Successfully done setting XSCT server connection channel  
15:00:47 INFO  : Successfully done setting SDK workspace  
15:00:47 INFO  : Processing command line option -hwspec C:/Users/advlab/Desktop/MBAA/HGCal_NIM+/HGCal_NIM+.sdk/design_1_wrapper.hdf.
15:00:47 INFO  : Checking for hwspec changes in the project design_1_wrapper_hw_platform_0.
13:28:12 INFO  : Registering command handlers for SDK TCF services
13:28:13 INFO  : Launching XSCT server: xsct.bat -interactive C:\Users\advlab\Desktop\MBAA\HGCal_NIM+\HGCal_NIM+.sdk\temp_xsdb_launch_script.tcl
13:28:23 INFO  : XSCT server has started successfully.
13:28:49 INFO  : Successfully done setting XSCT server connection channel  
13:28:49 INFO  : Successfully done setting SDK workspace  
13:28:49 INFO  : Processing command line option -hwspec C:/Users/advlab/Desktop/MBAA/HGCal_NIM+/HGCal_NIM+.sdk/design_1_wrapper.hdf.
13:28:49 INFO  : Checking for hwspec changes in the project design_1_wrapper_hw_platform_0.
14:48:29 INFO  : Registering command handlers for SDK TCF services
14:48:30 INFO  : Launching XSCT server: xsct.bat -interactive C:\NIM+\HGCal_NIM+\HGCal_NIM+.sdk\temp_xsdb_launch_script.tcl
14:48:34 INFO  : XSCT server has started successfully.
14:48:34 INFO  : Successfully done setting XSCT server connection channel  
14:48:34 INFO  : Successfully done setting SDK workspace  
14:48:34 INFO  : Processing command line option -hwspec C:/NIM+/HGCal_NIM+/HGCal_NIM+.sdk/design_1_wrapper.hdf.
14:20:09 INFO  : Registering command handlers for SDK TCF services
14:20:11 INFO  : Launching XSCT server: xsct.bat -interactive C:\NIM+\HGCal_NIM+\HGCal_NIM+.sdk\temp_xsdb_launch_script.tcl
14:20:17 INFO  : XSCT server has started successfully.
14:20:21 INFO  : Successfully done setting XSCT server connection channel  
14:20:21 INFO  : Successfully done setting SDK workspace  
14:20:21 INFO  : Processing command line option -hwspec C:/NIM+/HGCal_NIM+/HGCal_NIM+.sdk/design_1_wrapper.hdf.
14:20:21 INFO  : Checking for hwspec changes in the project design_1_wrapper_hw_platform_1.
17:22:03 INFO  : SDK has detected change in the last modified timestamps for source hardware specification file Source:1630531308913,  Project:1630435294814
17:22:03 INFO  : Project design_1_wrapper_hw_platform_1's source hardware specification located at C:/NIM+/HGCal_NIM+/HGCal_NIM+.sdk/design_1_wrapper.hdf is now different from the local copy.
		 The local copy will be replaced with the source specification and your workspace will be updated.
17:22:17 INFO  : Copied contents of C:/NIM+/HGCal_NIM+/HGCal_NIM+.sdk/design_1_wrapper.hdf into \design_1_wrapper_hw_platform_1\system.hdf.
17:22:22 INFO  : Synchronizing projects in the workspace with the hardware platform specification changes.
17:22:22 INFO  : Clearing existing target manager status.
17:22:22 INFO  : Workspace synchronized with the new hardware specification file. Cleaning dependent projects...
17:22:22 WARN  : Linker script will not be updated automatically. Users need to update it manually.
23:28:55 INFO  : Registering command handlers for SDK TCF services
23:28:56 INFO  : Launching XSCT server: xsct.bat -interactive C:\NIM+\HGCal_NIM+\HGCal_NIM+.sdk\temp_xsdb_launch_script.tcl
23:29:00 INFO  : XSCT server has started successfully.
23:29:05 INFO  : Successfully done setting XSCT server connection channel  
23:29:05 INFO  : Successfully done setting SDK workspace  
23:29:05 INFO  : Processing command line option -hwspec C:/NIM+/HGCal_NIM+/HGCal_NIM+.sdk/design_1_wrapper.hdf.
23:29:05 INFO  : Checking for hwspec changes in the project design_1_wrapper_hw_platform_1.
23:29:12 INFO  : SDK has detected change in the last modified timestamps for source hardware specification file Source:1630552280514,  Project:1630531308913
23:29:12 INFO  : The hardware specification for project 'design_1_wrapper_hw_platform_1' is different from C:/NIM+/HGCal_NIM+/HGCal_NIM+.sdk/design_1_wrapper.hdf.
23:29:14 INFO  : Copied contents of C:/NIM+/HGCal_NIM+/HGCal_NIM+.sdk/design_1_wrapper.hdf into \design_1_wrapper_hw_platform_1\system.hdf.
23:29:21 ERROR : Failed to openhw "C:/Users/songw/AppData/Local/Temp/system5853658807412599082.hdf"
Reason: The application has run out of memory
23:29:21 INFO  : Synchronizing projects in the workspace with the hardware platform specification changes.
23:29:21 INFO  : Clearing existing target manager status.
23:29:21 INFO  : Workspace synchronized with the new hardware specification file. Cleaning dependent projects...
23:29:21 WARN  : Linker script will not be updated automatically. Users need to update it manually.
02:14:08 ERROR : Failed to get_design_properties
Reason: The application has run out of memory
15:18:30 INFO  : Registering command handlers for SDK TCF services
15:18:31 INFO  : Launching XSCT server: xsct.bat -interactive C:\NIM+\HGCal_NIM+\HGCal_NIM+.sdk\temp_xsdb_launch_script.tcl
15:18:36 INFO  : XSCT server has started successfully.
15:18:40 INFO  : Successfully done setting XSCT server connection channel  
15:18:40 INFO  : Successfully done setting SDK workspace  
15:18:40 INFO  : Processing command line option -hwspec C:/NIM+/HGCal_NIM+/HGCal_NIM+.sdk/design_1_wrapper.hdf.
15:18:40 INFO  : Checking for hwspec changes in the project design_1_wrapper_hw_platform_1.
13:58:57 INFO  : Registering command handlers for SDK TCF services
13:58:59 INFO  : Launching XSCT server: xsct.bat -interactive C:\NIM+\HGCal_NIM+\HGCal_NIM+.sdk\temp_xsdb_launch_script.tcl
13:59:04 INFO  : XSCT server has started successfully.
13:59:11 INFO  : Successfully done setting XSCT server connection channel  
13:59:11 INFO  : Successfully done setting SDK workspace  
13:59:11 INFO  : Processing command line option -hwspec C:/NIM+/HGCal_NIM+/HGCal_NIM+.sdk/design_1_wrapper.hdf.
13:59:11 INFO  : Checking for hwspec changes in the project design_1_wrapper_hw_platform_1.
